# JRE version: OpenJDK Runtime Environment OpenLogic-OpenJDK (21.0.3+1) (build 21.0.3+1-adhoc.Administrator.jdk21u)
# Java VM: OpenJDK 64-Bit Server VM OpenLogic-OpenJDK (21.0.3+1-adhoc.Administrator.jdk21u, mixed mode, sharing, tiered, compressed oops, compressed class ptrs, g1 gc, windows-amd64)
GC Precious Log:
 CardTable entry size: 512
 Card Set container configuration: InlinePtr #cards 5 size 8 Array Of Cards #cards 12 size 40 Howl #buckets 4 coarsen threshold 1843 Howl Bitmap #cards 512 size 80 coarsen threshold 460 Card regions per heap region 1 cards per card region 2048
 CPUs: 4 total, 4 available
 Memory: 4017M
 Large Page Support: Disabled
 NUMA Support: Disabled
 Compressed Oops: Enabled (32-bit)
 Heap Region Size: 1M
 Heap Min Capacity: 8M
 Heap Initial Capacity: 64M
 Heap Max Capacity: 1006M
 Pre-touch: Disabled
 Parallel Workers: 4
 Concurrent Workers: 1
 Concurrent Refinement Workers: 4
 Periodic GC: Disabled
Heap:
 garbage-first heap   total 99328K, used 63826K [0x00000000c1200000, 0x0000000100000000)
  region size 1024K, 7 young (7168K), 3 survivors (3072K)
 Metaspace       used 49345K, committed 50048K, reserved 1114112K
  class space    used 5856K, committed 6208K, reserved 1048576K
GC Heap History (20 events):
Event: 25.931 GC heap before
{Heap before GC invocations=13 (full 0):
 garbage-first heap   total 58368K, used 49152K [0x00000000c1200000, 0x0000000100000000)
  region size 1024K, 16 young (16384K), 1 survivors (1024K)
 Metaspace       used 42928K, committed 43712K, reserved 1114112K
  class space    used 5304K, committed 5696K, reserved 1048576K
}
Event: 25.941 GC heap after
{Heap after GC invocations=14 (full 0):
 garbage-first heap   total 58368K, used 35840K [0x00000000c1200000, 0x0000000100000000)
  region size 1024K, 2 young (2048K), 2 survivors (2048K)
 Metaspace       used 42928K, committed 43712K, reserved 1114112K
  class space    used 5304K, committed 5696K, reserved 1048576K
}
Event: 29.235 GC heap before
{Heap before GC invocations=14 (full 0):
 garbage-first heap   total 58368K, used 51200K [0x00000000c1200000, 0x0000000100000000)
  region size 1024K, 17 young (17408K), 2 survivors (2048K)
 Metaspace       used 44122K, committed 44864K, reserved 1114112K
  class space    used 5409K, committed 5760K, reserved 1048576K
}
Event: 29.253 GC heap after
{Heap after GC invocations=15 (full 0):
 garbage-first heap   total 58368K, used 37281K [0x00000000c1200000, 0x0000000100000000)
  region size 1024K, 2 young (2048K), 2 survivors (2048K)
 Metaspace       used 44122K, committed 44864K, reserved 1114112K
  class space    used 5409K, committed 5760K, reserved 1048576K
}
Event: 36.573 GC heap before
{Heap before GC invocations=15 (full 0):
 garbage-first heap   total 58368K, used 51617K [0x00000000c1200000, 0x0000000100000000)
  region size 1024K, 16 young (16384K), 2 survivors (2048K)
 Metaspace       used 46478K, committed 47232K, reserved 1114112K
  class space    used 5627K, committed 6016K, reserved 1048576K
}
Event: 36.592 GC heap after
{Heap after GC invocations=16 (full 0):
 garbage-first heap   total 58368K, used 39352K [0x00000000c1200000, 0x0000000100000000)
  region size 1024K, 2 young (2048K), 2 survivors (2048K)
 Metaspace       used 46478K, committed 47232K, reserved 1114112K
  class space    used 5627K, committed 6016K, reserved 1048576K
}
Event: 41.138 GC heap before
{Heap before GC invocations=17 (full 0):
 garbage-first heap   total 68608K, used 51640K [0x00000000c1200000, 0x0000000100000000)
  region size 1024K, 14 young (14336K), 2 survivors (2048K)
 Metaspace       used 47704K, committed 48448K, reserved 1114112K
  class space    used 5698K, committed 6080K, reserved 1048576K
}
Event: 41.165 GC heap after
{Heap after GC invocations=18 (full 0):
 garbage-first heap   total 68608K, used 42349K [0x00000000c1200000, 0x0000000100000000)
  region size 1024K, 2 young (2048K), 2 survivors (2048K)
 Metaspace       used 47704K, committed 48448K, reserved 1114112K
  class space    used 5698K, committed 6080K, reserved 1048576K
}
Event: 43.823 GC heap before
{Heap before GC invocations=18 (full 0):
 garbage-first heap   total 68608K, used 58733K [0x00000000c1200000, 0x0000000100000000)
  region size 1024K, 18 young (18432K), 2 survivors (2048K)
 Metaspace       used 47962K, committed 48704K, reserved 1114112K
  class space    used 5701K, committed 6080K, reserved 1048576K
}
Event: 43.854 GC heap after
{Heap after GC invocations=19 (full 0):
 garbage-first heap   total 68608K, used 44997K [0x00000000c1200000, 0x0000000100000000)
  region size 1024K, 3 young (3072K), 3 survivors (3072K)
 Metaspace       used 47962K, committed 48704K, reserved 1114112K
  class space    used 5701K, committed 6080K, reserved 1048576K
}
Event: 45.188 GC heap before
{Heap before GC invocations=19 (full 0):
 garbage-first heap   total 68608K, used 60357K [0x00000000c1200000, 0x0000000100000000)
  region size 1024K, 18 young (18432K), 3 survivors (3072K)
 Metaspace       used 48043K, committed 48832K, reserved 1114112K
  class space    used 5705K, committed 6080K, reserved 1048576K
}
Event: 45.209 GC heap after
{Heap after GC invocations=20 (full 0):
 garbage-first heap   total 68608K, used 48128K [0x00000000c1200000, 0x0000000100000000)
  region size 1024K, 3 young (3072K), 3 survivors (3072K)
 Metaspace       used 48043K, committed 48832K, reserved 1114112K
  class space    used 5705K, committed 6080K, reserved 1048576K
}
Event: 46.906 GC heap before
{Heap before GC invocations=21 (full 0):
 garbage-first heap   total 83968K, used 59392K [0x00000000c1200000, 0x0000000100000000)
  region size 1024K, 15 young (15360K), 3 survivors (3072K)
 Metaspace       used 48500K, committed 49216K, reserved 1114112K
  class space    used 5762K, committed 6144K, reserved 1048576K
}
Event: 46.925 GC heap after
{Heap after GC invocations=22 (full 0):
 garbage-first heap   total 83968K, used 49987K [0x00000000c1200000, 0x0000000100000000)
  region size 1024K, 2 young (2048K), 2 survivors (2048K)
 Metaspace       used 48500K, committed 49216K, reserved 1114112K
  class space    used 5762K, committed 6144K, reserved 1048576K
}
Event: 49.600 GC heap before
{Heap before GC invocations=22 (full 0):
 garbage-first heap   total 83968K, used 72515K [0x00000000c1200000, 0x0000000100000000)
  region size 1024K, 24 young (24576K), 2 survivors (2048K)
 Metaspace       used 49161K, committed 49856K, reserved 1114112K
  class space    used 5846K, committed 6208K, reserved 1048576K
}
Event: 49.628 GC heap after
{Heap after GC invocations=23 (full 0):
 garbage-first heap   total 83968K, used 53760K [0x00000000c1200000, 0x0000000100000000)
  region size 1024K, 3 young (3072K), 3 survivors (3072K)
 Metaspace       used 49161K, committed 49856K, reserved 1114112K
  class space    used 5846K, committed 6208K, reserved 1048576K
}
Event: 51.580 GC heap before
{Heap before GC invocations=23 (full 0):
 garbage-first heap   total 83968K, used 73216K [0x00000000c1200000, 0x0000000100000000)
  region size 1024K, 22 young (22528K), 3 survivors (3072K)
 Metaspace       used 49203K, committed 49920K, reserved 1114112K
  class space    used 5852K, committed 6208K, reserved 1048576K
}
Event: 51.605 GC heap after
{Heap after GC invocations=24 (full 0):
 garbage-first heap   total 83968K, used 57344K [0x00000000c1200000, 0x0000000100000000)
  region size 1024K, 3 young (3072K), 3 survivors (3072K)
 Metaspace       used 49203K, committed 49920K, reserved 1114112K
  class space    used 5852K, committed 6208K, reserved 1048576K
}
Event: 53.385 GC heap before
{Heap before GC invocations=25 (full 0):
 garbage-first heap   total 99328K, used 74752K [0x00000000c1200000, 0x0000000100000000)
  region size 1024K, 20 young (20480K), 3 survivors (3072K)
 Metaspace       used 49326K, committed 50048K, reserved 1114112K
  class space    used 5856K, committed 6208K, reserved 1048576K
}
Event: 53.406 GC heap after
{Heap after GC invocations=26 (full 0):
 garbage-first heap   total 99328K, used 60754K [0x00000000c1200000, 0x0000000100000000)
  region size 1024K, 3 young (3072K), 3 survivors (3072K)
 Metaspace       used 49326K, committed 50048K, reserved 1114112K
  class space    used 5856K, committed 6208K, reserved 1048576K
}

