# JRE version: OpenJDK Runtime Environment OpenLogic-OpenJDK (21.0.3+1) (build 21.0.3+1-adhoc.Administrator.jdk21u)
# Java VM: OpenJDK 64-Bit Server VM OpenLogic-OpenJDK (21.0.3+1-adhoc.Administrator.jdk21u, mixed mode, sharing, tiered, compressed oops, compressed class ptrs, g1 gc, windows-amd64)
GC Precious Log:
 CardTable entry size: 512
 Card Set container configuration: InlinePtr #cards 5 size 8 Array Of Cards #cards 12 size 40 Howl #buckets 4 coarsen threshold 1843 Howl Bitmap #cards 512 size 80 coarsen threshold 460 Card regions per heap region 1 cards per card region 2048
 CPUs: 4 total, 4 available
 Memory: 4017M
 Large Page Support: Disabled
 NUMA Support: Disabled
 Compressed Oops: Enabled (32-bit)
 Heap Region Size: 1M
 Heap Min Capacity: 8M
 Heap Initial Capacity: 64M
 Heap Max Capacity: 1006M
 Pre-touch: Disabled
 Parallel Workers: 4
 Concurrent Workers: 1
 Concurrent Refinement Workers: 4
 Periodic GC: Disabled
Heap:
 garbage-first heap   total 92160K, used 67391K [0x00000000c1200000, 0x0000000100000000)
  region size 1024K, 17 young (17408K), 3 survivors (3072K)
 Metaspace       used 51456K, committed 52224K, reserved 1114112K
  class space    used 6132K, committed 6528K, reserved 1048576K
GC Heap History (20 events):
Event: 23.152 GC heap before
{Heap before GC invocations=12 (full 0):
 garbage-first heap   total 51200K, used 43300K [0x00000000c1200000, 0x0000000100000000)
  region size 1024K, 15 young (15360K), 1 survivors (1024K)
 Metaspace       used 39384K, committed 40064K, reserved 1114112K
  class space    used 4821K, committed 5184K, reserved 1048576K
}
Event: 23.159 GC heap after
{Heap after GC invocations=13 (full 0):
 garbage-first heap   total 51200K, used 30783K [0x00000000c1200000, 0x0000000100000000)
  region size 1024K, 2 young (2048K), 2 survivors (2048K)
 Metaspace       used 39384K, committed 40064K, reserved 1114112K
  class space    used 4821K, committed 5184K, reserved 1048576K
}
Event: 25.791 GC heap before
{Heap before GC invocations=14 (full 0):
 garbage-first heap   total 55296K, used 44095K [0x00000000c1200000, 0x0000000100000000)
  region size 1024K, 15 young (15360K), 2 survivors (2048K)
 Metaspace       used 41105K, committed 41920K, reserved 1114112K
  class space    used 4992K, committed 5376K, reserved 1048576K
}
Event: 25.804 GC heap after
{Heap after GC invocations=15 (full 0):
 garbage-first heap   total 55296K, used 32481K [0x00000000c1200000, 0x0000000100000000)
  region size 1024K, 2 young (2048K), 2 survivors (2048K)
 Metaspace       used 41105K, committed 41920K, reserved 1114112K
  class space    used 4992K, committed 5376K, reserved 1048576K
}
Event: 30.610 GC heap before
{Heap before GC invocations=15 (full 0):
 garbage-first heap   total 55296K, used 48865K [0x00000000c1200000, 0x0000000100000000)
  region size 1024K, 18 young (18432K), 2 survivors (2048K)
 Metaspace       used 43785K, committed 44544K, reserved 1114112K
  class space    used 5286K, committed 5632K, reserved 1048576K
}
Event: 30.630 GC heap after
{Heap after GC invocations=16 (full 0):
 garbage-first heap   total 55296K, used 34324K [0x00000000c1200000, 0x0000000100000000)
  region size 1024K, 3 young (3072K), 3 survivors (3072K)
 Metaspace       used 43785K, committed 44544K, reserved 1114112K
  class space    used 5286K, committed 5632K, reserved 1048576K
}
Event: 33.850 GC heap before
{Heap before GC invocations=16 (full 0):
 garbage-first heap   total 55296K, used 47636K [0x00000000c1200000, 0x0000000100000000)
  region size 1024K, 16 young (16384K), 3 survivors (3072K)
 Metaspace       used 46656K, committed 47360K, reserved 1114112K
  class space    used 5737K, committed 6080K, reserved 1048576K
}
Event: 33.870 GC heap after
{Heap after GC invocations=17 (full 0):
 garbage-first heap   total 55296K, used 36545K [0x00000000c1200000, 0x0000000100000000)
  region size 1024K, 2 young (2048K), 2 survivors (2048K)
 Metaspace       used 46656K, committed 47360K, reserved 1114112K
  class space    used 5737K, committed 6080K, reserved 1048576K
}
Event: 40.556 GC heap before
{Heap before GC invocations=18 (full 0):
 garbage-first heap   total 63488K, used 48833K [0x00000000c1200000, 0x0000000100000000)
  region size 1024K, 14 young (14336K), 2 survivors (2048K)
 Metaspace       used 47591K, committed 48384K, reserved 1114112K
  class space    used 5781K, committed 6144K, reserved 1048576K
}
Event: 40.581 GC heap after
{Heap after GC invocations=19 (full 0):
 garbage-first heap   total 63488K, used 39923K [0x00000000c1200000, 0x0000000100000000)
  region size 1024K, 2 young (2048K), 2 survivors (2048K)
 Metaspace       used 47591K, committed 48384K, reserved 1114112K
  class space    used 5781K, committed 6144K, reserved 1048576K
}
Event: 43.747 GC heap before
{Heap before GC invocations=19 (full 0):
 garbage-first heap   total 63488K, used 54259K [0x00000000c1200000, 0x0000000100000000)
  region size 1024K, 17 young (17408K), 2 survivors (2048K)
 Metaspace       used 49737K, committed 50496K, reserved 1114112K
  class space    used 6016K, committed 6400K, reserved 1048576K
}
Event: 43.771 GC heap after
{Heap after GC invocations=20 (full 0):
 garbage-first heap   total 63488K, used 42624K [0x00000000c1200000, 0x0000000100000000)
  region size 1024K, 3 young (3072K), 3 survivors (3072K)
 Metaspace       used 49737K, committed 50496K, reserved 1114112K
  class space    used 6016K, committed 6400K, reserved 1048576K
}
Event: 45.858 GC heap before
{Heap before GC invocations=20 (full 0):
 garbage-first heap   total 63488K, used 55936K [0x00000000c1200000, 0x0000000100000000)
  region size 1024K, 16 young (16384K), 3 survivors (3072K)
 Metaspace       used 50250K, committed 51008K, reserved 1114112K
  class space    used 6032K, committed 6400K, reserved 1048576K
}
Event: 45.882 GC heap after
{Heap after GC invocations=21 (full 0):
 garbage-first heap   total 63488K, used 45842K [0x00000000c1200000, 0x0000000100000000)
  region size 1024K, 2 young (2048K), 2 survivors (2048K)
 Metaspace       used 50250K, committed 51008K, reserved 1114112K
  class space    used 6032K, committed 6400K, reserved 1048576K
}
Event: 47.809 GC heap before
{Heap before GC invocations=22 (full 0):
 garbage-first heap   total 78848K, used 56082K [0x00000000c1200000, 0x0000000100000000)
  region size 1024K, 12 young (12288K), 2 survivors (2048K)
 Metaspace       used 50331K, committed 51072K, reserved 1114112K
  class space    used 6032K, committed 6400K, reserved 1048576K
}
Event: 47.825 GC heap after
{Heap after GC invocations=23 (full 0):
 garbage-first heap   total 78848K, used 48445K [0x00000000c1200000, 0x0000000100000000)
  region size 1024K, 2 young (2048K), 2 survivors (2048K)
 Metaspace       used 50331K, committed 51072K, reserved 1114112K
  class space    used 6032K, committed 6400K, reserved 1048576K
}
Event: 49.718 GC heap before
{Heap before GC invocations=23 (full 0):
 garbage-first heap   total 78848K, used 65853K [0x00000000c1200000, 0x0000000100000000)
  region size 1024K, 20 young (20480K), 2 survivors (2048K)
 Metaspace       used 50388K, committed 51136K, reserved 1114112K
  class space    used 6034K, committed 6400K, reserved 1048576K
}
Event: 49.744 GC heap after
{Heap after GC invocations=24 (full 0):
 garbage-first heap   total 78848K, used 50871K [0x00000000c1200000, 0x0000000100000000)
  region size 1024K, 3 young (3072K), 3 survivors (3072K)
 Metaspace       used 50388K, committed 51136K, reserved 1114112K
  class space    used 6034K, committed 6400K, reserved 1048576K
}
Event: 52.690 GC heap before
{Heap before GC invocations=24 (full 0):
 garbage-first heap   total 78848K, used 68279K [0x00000000c1200000, 0x0000000100000000)
  region size 1024K, 20 young (20480K), 3 survivors (3072K)
 Metaspace       used 51078K, committed 51840K, reserved 1114112K
  class space    used 6094K, committed 6464K, reserved 1048576K
}
Event: 52.712 GC heap after
{Heap after GC invocations=25 (full 0):
 garbage-first heap   total 78848K, used 54079K [0x00000000c1200000, 0x0000000100000000)
  region size 1024K, 3 young (3072K), 3 survivors (3072K)
 Metaspace       used 51078K, committed 51840K, reserved 1114112K
  class space    used 6094K, committed 6464K, reserved 1048576K
}

